2026-07-01 06:06:52.293 INFO   Freerouting v2.2.5-SNAPSHOT (build-date: 2026-06-30)
2026-07-01 06:06:53.781 INFO   New version available: v2.2.4
2026-07-01 06:06:53.812 INFO   [A77E66\3D1B7E] Job 'A77E66\3D1B7E' started at 2026-07-01T13:06:53.811898996Z.
2026-07-01 06:06:53.844 INFO   [A77E66\3D1B7E] Fanout stage started on board '4c80e58c310bd4a2bb2f95181b12ef07' with 85 of 87 SMD pins needing fanout (0 already connected, 2 netless).
2026-07-01 06:06:54.537 INFO   [A77E66\3D1B7E] Fanout pass #1 on board '70e3c64867b34e9da40b64eed7983f92' completed in 0.67 seconds with 74 SMD pins fanouted, 0 not routed, 0 insert errors, +26 extra vias (0 SMD pins still to check in pass, ripup costs=100).
2026-07-01 06:06:54.625 INFO   [A77E66\3D1B7E] Fanout pass #2 on board '8f03efe0026e009a6a0d7375a63acb52' completed in 0.08 seconds with 4 SMD pins fanouted, 0 not routed, 0 insert errors, +4 extra vias (0 SMD pins still to check in pass, ripup costs=200).
2026-07-01 06:06:54.659 INFO   [A77E66\3D1B7E] Fanout pass #3 on board '8f03efe0026e009a6a0d7375a63acb52' completed in 0.03 seconds with 0 SMD pins fanouted, 0 not routed, 0 insert errors, +0 extra vias (0 SMD pins still to check in pass, ripup costs=300).
2026-07-01 06:06:54.663 INFO   [A77E66\3D1B7E] Fanout stage completed: started with 85 total SMD pins, completed in 0.81 seconds, escaped pins: 85/85 (100.0%), using 0.81 total CPU seconds, 0.41 GB total allocated, and 130.0 MB peak heap usage.
2026-07-01 06:06:54.666 INFO   [A77E66\3D1B7E] Auto-routing stage started on board '8f03efe0026e009a6a0d7375a63acb52' for 42 unrouted items.
2026-07-01 06:06:55.868 INFO   [A77E66\3D1B7E] Auto-routing pass #1 on board '8f03efe0026e009a6a0d7375a63acb52' was completed in 1.18 seconds with the score of 893.02 (9 unrouted and 1 violation), using 1.97 CPU seconds and the job allocated 1.20 GB of memory so far.
2026-07-01 06:06:56.194 INFO   [A77E66\3D1B7E] Auto-routing pass #2 on board '8ddf82284c1cbeffd4715a503f2d7801' was completed in 0.31 seconds with the score of 930.22 (6 unrouted and 0 violations), using 1.97 CPU seconds and the job allocated 1.20 GB of memory so far.
2026-07-01 06:06:56.527 INFO   [A77E66\3D1B7E] Auto-routing pass #3 on board 'c72a92d1278401dd64d993a67dbef041' was completed in 0.32 seconds with the score of 927.90 (6 unrouted and 1 violation), using 1.97 CPU seconds and the job allocated 1.20 GB of memory so far.
2026-07-01 06:06:56.745 INFO   [A77E66\3D1B7E] Auto-routing pass #4 on board '0677fca94c588e8fde78625c416eeb55' was completed in 0.20 seconds with the score of 941.85 (5 unrouted and 0 violations), using 1.97 CPU seconds and the job allocated 1.20 GB of memory so far.
2026-07-01 06:06:57.038 INFO   [A77E66\3D1B7E] Auto-routing pass #5 on board '25171517a538f95b4376cd13093f017b' was completed in 0.28 seconds with the score of 965.11 (3 unrouted and 0 violations), using 2.96 CPU seconds and the job allocated 2.40 GB of memory so far.
2026-07-01 06:06:57.199 INFO   [A77E66\3D1B7E] Auto-routing pass #6 on board 'ef9b1f9870e00d5a3a5c6f4228da081d' was completed in 0.15 seconds with the score of 965.11 (3 unrouted and 0 violations), using 2.96 CPU seconds and the job allocated 2.40 GB of memory so far.
2026-07-01 06:06:57.343 INFO   [A77E66\3D1B7E] Auto-routing pass #7 on board 'ef9b1f9870e00d5a3a5c6f4228da081d' was completed in 0.14 seconds with the score of 965.11 (3 unrouted and 0 violations), using 2.96 CPU seconds and the job allocated 2.40 GB of memory so far.
2026-07-01 06:06:57.494 INFO   [A77E66\3D1B7E] Auto-routing pass #8 on board 'ef9b1f9870e00d5a3a5c6f4228da081d' was completed in 0.14 seconds with the score of 965.11 (3 unrouted and 0 violations), using 2.96 CPU seconds and the job allocated 2.40 GB of memory so far.
2026-07-01 06:06:57.639 INFO   [A77E66\3D1B7E] Auto-routing pass #9 on board 'ef9b1f9870e00d5a3a5c6f4228da081d' was completed in 0.14 seconds with the score of 965.11 (3 unrouted and 0 violations), using 2.96 CPU seconds and the job allocated 2.40 GB of memory so far.
2026-07-01 06:06:57.789 INFO   [A77E66\3D1B7E] Auto-routing pass #10 on board 'ef9b1f9870e00d5a3a5c6f4228da081d' was completed in 0.14 seconds with the score of 965.11 (3 unrouted and 0 violations), using 2.96 CPU seconds and the job allocated 2.40 GB of memory so far.
2026-07-01 06:06:57.940 INFO   [A77E66\3D1B7E] Auto-routing pass #11 on board 'ef9b1f9870e00d5a3a5c6f4228da081d' was completed in 0.14 seconds with the score of 965.11 (3 unrouted and 0 violations), using 3.95 CPU seconds and the job allocated 3.91 GB of memory so far.
2026-07-01 06:06:58.098 INFO   [A77E66\3D1B7E] Auto-routing pass #12 on board 'f3318e33b2a764065f6068914539bdfd' was completed in 0.14 seconds with the score of 976.74 (2 unrouted and 0 violations), using 3.95 CPU seconds and the job allocated 3.91 GB of memory so far.
2026-07-01 06:06:58.242 INFO   [A77E66\3D1B7E] Auto-routing pass #13 on board 'd85055ed1d81608b762e27bfba8f2f24' was completed in 0.13 seconds with the score of 976.74 (2 unrouted and 0 violations), using 3.95 CPU seconds and the job allocated 3.91 GB of memory so far.
2026-07-01 06:06:58.370 INFO   [A77E66\3D1B7E] Auto-routing pass #14 on board 'd85055ed1d81608b762e27bfba8f2f24' was completed in 0.12 seconds with the score of 976.74 (2 unrouted and 0 violations), using 3.95 CPU seconds and the job allocated 3.91 GB of memory so far.
2026-07-01 06:06:58.507 INFO   [A77E66\3D1B7E] Auto-routing pass #15 on board 'd85055ed1d81608b762e27bfba8f2f24' was completed in 0.13 seconds with the score of 976.74 (2 unrouted and 0 violations), using 3.95 CPU seconds and the job allocated 3.91 GB of memory so far.
2026-07-01 06:06:58.635 INFO   [A77E66\3D1B7E] Auto-routing pass #16 on board 'd85055ed1d81608b762e27bfba8f2f24' was completed in 0.12 seconds with the score of 976.74 (2 unrouted and 0 violations), using 3.95 CPU seconds and the job allocated 3.91 GB of memory so far.
2026-07-01 06:06:58.771 INFO   [A77E66\3D1B7E] Auto-routing pass #17 on board 'd85055ed1d81608b762e27bfba8f2f24' was completed in 0.13 seconds with the score of 976.74 (2 unrouted and 0 violations), using 3.95 CPU seconds and the job allocated 3.91 GB of memory so far.
2026-07-01 06:06:58.897 INFO   [A77E66\3D1B7E] Auto-routing pass #18 on board 'd85055ed1d81608b762e27bfba8f2f24' was completed in 0.12 seconds with the score of 976.74 (2 unrouted and 0 violations), using 4.94 CPU seconds and the job allocated 5.52 GB of memory so far.
2026-07-01 06:06:59.032 INFO   [A77E66\3D1B7E] Auto-routing pass #19 on board 'd85055ed1d81608b762e27bfba8f2f24' was completed in 0.13 seconds with the score of 976.74 (2 unrouted and 0 violations), using 4.94 CPU seconds and the job allocated 5.52 GB of memory so far.
2026-07-01 06:06:59.158 INFO   [A77E66\3D1B7E] Auto-routing pass #20 on board 'd85055ed1d81608b762e27bfba8f2f24' was completed in 0.12 seconds with the score of 976.74 (2 unrouted and 0 violations), using 4.94 CPU seconds and the job allocated 5.52 GB of memory so far.
2026-07-01 06:06:59.172 INFO   [A77E66\3D1B7E] Auto-routing stage completed: started with 86 unrouted nets, completed in 5.34 seconds, final score: 976.74 (2 unrouted and 0 violations), using 4.94 total CPU seconds, 5.52 GB total allocated, and 179.5 MB peak heap usage.
2026-07-01 06:06:59.175 INFO   [A77E66\3D1B7E] Job 'A77E66\3D1B7E' finished with state: COMPLETED (elapsed: 5.36 seconds, finished at UTC: 2026-07-01T13:06:59.175289727Z).
