2026-07-01 06:05:52.493 INFO   Freerouting v2.2.5-SNAPSHOT (build-date: 2026-06-30)
2026-07-01 06:05:53.865 INFO   New version available: v2.2.4
2026-07-01 06:05:54.007 INFO   [4F8EAB\844FB1] Job '4F8EAB\844FB1' started at 2026-07-01T13:05:54.007005425Z.
2026-07-01 06:05:54.035 INFO   [4F8EAB\844FB1] Fanout stage started on board '4c80e58c310bd4a2bb2f95181b12ef07' with 85 of 87 SMD pins needing fanout (0 already connected, 2 netless).
2026-07-01 06:05:54.648 INFO   [4F8EAB\844FB1] Fanout pass #1 on board 'e63bdda868863c044aeb8c1b9c286c38' completed in 0.59 seconds with 75 SMD pins fanouted, 0 not routed, 0 insert errors, +28 extra vias (0 SMD pins still to check in pass, ripup costs=100).
2026-07-01 06:05:54.724 INFO   [4F8EAB\844FB1] Fanout pass #2 on board '9c7d02ea2e29c387a7d62e36fadf066e' completed in 0.07 seconds with 3 SMD pins fanouted, 0 not routed, 0 insert errors, +1 extra via (0 SMD pins still to check in pass, ripup costs=200).
2026-07-01 06:05:54.760 INFO   [4F8EAB\844FB1] Fanout pass #3 on board '9c7d02ea2e29c387a7d62e36fadf066e' completed in 0.03 seconds with 0 SMD pins fanouted, 0 not routed, 0 insert errors, +0 extra vias (0 SMD pins still to check in pass, ripup costs=300).
2026-07-01 06:05:54.763 INFO   [4F8EAB\844FB1] Fanout stage completed: started with 85 total SMD pins, completed in 0.72 seconds, escaped pins: 85/85 (100.0%), using 0.71 total CPU seconds, 0.38 GB total allocated, and 116.6 MB peak heap usage.
2026-07-01 06:05:54.766 INFO   [4F8EAB\844FB1] Auto-routing stage started on board '9c7d02ea2e29c387a7d62e36fadf066e' for 40 unrouted items.
2026-07-01 06:05:55.815 INFO   [4F8EAB\844FB1] Auto-routing pass #1 on board '9c7d02ea2e29c387a7d62e36fadf066e' was completed in 1.03 seconds with the score of 872.09 (11 unrouted and 0 violations), using 0.98 CPU seconds and the job allocated 0.58 GB of memory so far.
2026-07-01 06:05:56.220 INFO   [4F8EAB\844FB1] Auto-routing pass #2 on board 'e4c355b87442d92817e913aba767d8e6' was completed in 0.39 seconds with the score of 918.60 (7 unrouted and 0 violations), using 1.96 CPU seconds and the job allocated 1.42 GB of memory so far.
2026-07-01 06:05:56.496 INFO   [4F8EAB\844FB1] Auto-routing pass #3 on board '7aa329461dea610312cca561137a2d68' was completed in 0.26 seconds with the score of 941.85 (5 unrouted and 0 violations), using 1.96 CPU seconds and the job allocated 1.42 GB of memory so far.
2026-07-01 06:05:56.676 INFO   [4F8EAB\844FB1] Auto-routing pass #4 on board '05dfc9b050883bca322ee4cdfb1d13f1' was completed in 0.17 seconds with the score of 941.85 (5 unrouted and 0 violations), using 1.96 CPU seconds and the job allocated 1.42 GB of memory so far.
2026-07-01 06:05:56.839 INFO   [4F8EAB\844FB1] Auto-routing pass #5 on board 'd1b4bec4579e2d1536182e4617ad374a' was completed in 0.15 seconds with the score of 941.85 (5 unrouted and 0 violations), using 1.96 CPU seconds and the job allocated 1.42 GB of memory so far.
2026-07-01 06:05:56.854 INFO   [4F8EAB\844FB1] Auto-routing stage completed: started with 86 unrouted nets, completed in 2.82 seconds, final score: 941.85 (5 unrouted and 0 violations), using 1.96 total CPU seconds, 1.42 GB total allocated, and 155.1 MB peak heap usage.
2026-07-01 06:05:56.869 INFO   [4F8EAB\844FB1] Optimization stage started on board '2d71e7b0886b20a308c34804156abfd3' with score 941.85 (5 unrouted and 0 violations).
2026-07-01 06:05:57.750 INFO   [4F8EAB\844FB1] Optimizer pass #1 on board 'e1ee1b4c2ba934a8da342c2ac1e7efbe' was completed in 0.86 seconds with the score of 941.85 (5 unrouted and 0 violations).
2026-07-01 06:05:58.592 INFO   [4F8EAB\844FB1] Optimizer pass #2 on board 'e1ee1b4c2ba934a8da342c2ac1e7efbe' was completed in 0.83 seconds with the score of 941.85 (5 unrouted and 0 violations).
2026-07-01 06:05:58.598 INFO   [4F8EAB\844FB1] Optimization stage completed: started with score 941.85 (5 unrouted and 0 violations), completed in 1.72 seconds, final score: 941.85 (5 unrouted and 0 violations), using 1.71 total CPU seconds, 2.21 GB total allocated, and 174.8 MB peak heap usage.
2026-07-01 06:05:58.600 INFO   [4F8EAB\844FB1] Job '4F8EAB\844FB1' finished with state: COMPLETED (elapsed: 4.59 seconds, finished at UTC: 2026-07-01T13:05:58.600581685Z).
