2026-07-01 06:06:40.876 INFO   Freerouting v2.2.5-SNAPSHOT (build-date: 2026-06-30)
2026-07-01 06:06:42.280 INFO   New version available: v2.2.4
2026-07-01 06:06:42.395 INFO   [E25A5E\68D952] Job 'E25A5E\68D952' started at 2026-07-01T13:06:42.395036729Z.
2026-07-01 06:06:42.424 INFO   [E25A5E\68D952] Fanout stage started on board '4c80e58c310bd4a2bb2f95181b12ef07' with 85 of 87 SMD pins needing fanout (0 already connected, 2 netless).
2026-07-01 06:06:43.110 INFO   [E25A5E\68D952] Fanout pass #1 on board 'e63bdda868863c044aeb8c1b9c286c38' completed in 0.66 seconds with 75 SMD pins fanouted, 0 not routed, 0 insert errors, +28 extra vias (0 SMD pins still to check in pass, ripup costs=100).
2026-07-01 06:06:43.219 INFO   [E25A5E\68D952] Fanout pass #2 on board '9c7d02ea2e29c387a7d62e36fadf066e' completed in 0.10 seconds with 3 SMD pins fanouted, 0 not routed, 0 insert errors, +1 extra via (0 SMD pins still to check in pass, ripup costs=200).
2026-07-01 06:06:43.253 INFO   [E25A5E\68D952] Fanout pass #3 on board '9c7d02ea2e29c387a7d62e36fadf066e' completed in 0.03 seconds with 0 SMD pins fanouted, 0 not routed, 0 insert errors, +0 extra vias (0 SMD pins still to check in pass, ripup costs=300).
2026-07-01 06:06:43.258 INFO   [E25A5E\68D952] Fanout stage completed: started with 85 total SMD pins, completed in 0.83 seconds, escaped pins: 85/85 (100.0%), using 0.81 total CPU seconds, 0.39 GB total allocated, and 116.7 MB peak heap usage.
2026-07-01 06:06:43.261 INFO   [E25A5E\68D952] Auto-routing stage started on board '9c7d02ea2e29c387a7d62e36fadf066e' for 40 unrouted items.
2026-07-01 06:06:44.311 INFO   [E25A5E\68D952] Auto-routing pass #1 on board '9c7d02ea2e29c387a7d62e36fadf066e' was completed in 1.02 seconds with the score of 872.09 (11 unrouted and 0 violations), using 0.97 CPU seconds and the job allocated 0.45 GB of memory so far.
2026-07-01 06:06:44.696 INFO   [E25A5E\68D952] Auto-routing pass #2 on board '216519cdf88b015ddd4f9c874a9fd9a9' was completed in 0.36 seconds with the score of 918.60 (7 unrouted and 0 violations), using 1.95 CPU seconds and the job allocated 1.27 GB of memory so far.
2026-07-01 06:06:44.975 INFO   [E25A5E\68D952] Auto-routing pass #3 on board 'bf4e2b9fd77da58f5e9cf79b39f058d1' was completed in 0.26 seconds with the score of 941.85 (5 unrouted and 0 violations), using 1.95 CPU seconds and the job allocated 1.27 GB of memory so far.
2026-07-01 06:06:45.157 INFO   [E25A5E\68D952] Auto-routing pass #4 on board '1940ea05201f9e26e94bd640335807a6' was completed in 0.17 seconds with the score of 941.85 (5 unrouted and 0 violations), using 1.95 CPU seconds and the job allocated 1.27 GB of memory so far.
2026-07-01 06:06:45.323 INFO   [E25A5E\68D952] Auto-routing pass #5 on board 'c5ce243180a2311ad791c8e5e39a6e92' was completed in 0.15 seconds with the score of 941.85 (5 unrouted and 0 violations), using 1.95 CPU seconds and the job allocated 1.27 GB of memory so far.
2026-07-01 06:06:45.487 INFO   [E25A5E\68D952] Auto-routing pass #6 on board '380124531b4f77a37d2d2c3ce589bd80' was completed in 0.15 seconds with the score of 941.85 (5 unrouted and 0 violations), using 2.94 CPU seconds and the job allocated 2.49 GB of memory so far.
2026-07-01 06:06:45.667 INFO   [E25A5E\68D952] Auto-routing pass #7 on board '07ce0e41350fc9ab0e77ec4a98c7280c' was completed in 0.17 seconds with the score of 941.85 (5 unrouted and 0 violations), using 2.94 CPU seconds and the job allocated 2.49 GB of memory so far.
2026-07-01 06:06:45.835 INFO   [E25A5E\68D952] Auto-routing pass #8 on board 'ce739b3da1975206e088a0366077e2dc' was completed in 0.15 seconds with the score of 941.85 (5 unrouted and 0 violations), using 2.94 CPU seconds and the job allocated 2.49 GB of memory so far.
2026-07-01 06:06:45.992 INFO   [E25A5E\68D952] Auto-routing pass #9 on board '9718a3fbd55fce08cf7db679ed427368' was completed in 0.14 seconds with the score of 941.85 (5 unrouted and 0 violations), using 2.94 CPU seconds and the job allocated 2.49 GB of memory so far.
2026-07-01 06:06:46.173 INFO   [E25A5E\68D952] Auto-routing pass #10 on board 'a4e5b9247599f4dd92fbcfdc133f76b2' was completed in 0.17 seconds with the score of 941.85 (5 unrouted and 0 violations), using 2.94 CPU seconds and the job allocated 2.49 GB of memory so far.
2026-07-01 06:06:46.342 INFO   [E25A5E\68D952] Auto-routing pass #11 on board '954a539b1b90130b27c0f902ff1929f5' was completed in 0.16 seconds with the score of 941.85 (5 unrouted and 0 violations), using 2.94 CPU seconds and the job allocated 2.49 GB of memory so far.
2026-07-01 06:06:46.787 INFO   [E25A5E\68D952] Auto-routing pass #12 on board 'b088c507a8f4dcf5675822a374dae666' was completed in 0.43 seconds with the score of 953.48 (4 unrouted and 0 violations), using 3.93 CPU seconds and the job allocated 3.84 GB of memory so far.
2026-07-01 06:06:47.068 INFO   [E25A5E\68D952] Auto-routing pass #13 on board '78f7ba1b9392cee609402ecce6f4919a' was completed in 0.27 seconds with the score of 965.11 (3 unrouted and 0 violations), using 3.93 CPU seconds and the job allocated 3.84 GB of memory so far.
2026-07-01 06:06:47.262 INFO   [E25A5E\68D952] Auto-routing pass #14 on board 'f827fa254d5422a61be0eefd1892da97' was completed in 0.18 seconds with the score of 965.11 (3 unrouted and 0 violations), using 3.93 CPU seconds and the job allocated 3.84 GB of memory so far.
2026-07-01 06:06:47.385 INFO   [E25A5E\68D952] Auto-routing pass #15 on board '0daedf18ce5ef749bce89f3d4defdf6e' was completed in 0.11 seconds with the score of 965.11 (3 unrouted and 0 violations), using 3.93 CPU seconds and the job allocated 3.84 GB of memory so far.
2026-07-01 06:06:47.538 INFO   [E25A5E\68D952] Auto-routing pass #16 on board 'f827fa254d5422a61be0eefd1892da97' was completed in 0.00 seconds with the score of 965.11 (3 unrouted and 0 violations), using 4.92 CPU seconds and the job allocated 5.38 GB of memory so far.
2026-07-01 06:06:47.714 INFO   [E25A5E\68D952] Auto-routing pass #17 on board 'f827fa254d5422a61be0eefd1892da97' was completed in 0.17 seconds with the score of 965.11 (3 unrouted and 0 violations), using 4.92 CPU seconds and the job allocated 5.38 GB of memory so far.
2026-07-01 06:06:47.840 INFO   [E25A5E\68D952] Auto-routing pass #18 on board '00da47e7983d897bd76f47a7da664021' was completed in 0.11 seconds with the score of 965.11 (3 unrouted and 0 violations), using 4.92 CPU seconds and the job allocated 5.38 GB of memory so far.
2026-07-01 06:06:47.963 INFO   [E25A5E\68D952] Auto-routing pass #19 on board '89856ba2b3698e13455879b60dbb87c2' was completed in 0.11 seconds with the score of 965.11 (3 unrouted and 0 violations), using 4.92 CPU seconds and the job allocated 5.38 GB of memory so far.
2026-07-01 06:06:48.102 INFO   [E25A5E\68D952] Auto-routing pass #20 on board 'f827fa254d5422a61be0eefd1892da97' was completed in 0.00 seconds with the score of 965.11 (3 unrouted and 0 violations), using 4.92 CPU seconds and the job allocated 5.38 GB of memory so far.
2026-07-01 06:06:48.117 INFO   [E25A5E\68D952] Auto-routing stage completed: started with 86 unrouted nets, completed in 5.70 seconds, final score: 965.11 (3 unrouted and 0 violations), using 4.92 total CPU seconds, 5.38 GB total allocated, and 112.2 MB peak heap usage.
2026-07-01 06:06:48.120 INFO   [E25A5E\68D952] Job 'E25A5E\68D952' finished with state: COMPLETED (elapsed: 5.72 seconds, finished at UTC: 2026-07-01T13:06:48.120184140Z).
